<?xml version="1.0" encoding="UTF-8"?>
<!-- Generated by org.testng.reporters.JUnitXMLReporter -->
<testsuite hostname="FILT183" name="Test" tests="7" failures="1" timestamp="6 Dec 2019 12:37:01 GMT" time="114.473" errors="0">
  <testcase name="verifyCreatePayment" time="54.762" classname="com.indocs_CIDS.tests.TC_1_TradeCycle"/>
  <testcase name="verifyApprovePayment" time="28.032" classname="com.indocs_CIDS.tests.TC_1_TradeCycle"/>
  <testcase name="verifyOpsReviewMakerTest" time="9.308" classname="com.indocs_CIDS.tests.TC_1_TradeCycle">
    <failure type="org.openqa.selenium.NoSuchElementException" message="Unable to find element with xpath == //td[contains(text(),&amp;apos;&amp;quot;+indrefno+&amp;quot;&amp;apos;)]/following-sibling::td[5]
For documentation on this error, please visit: https://www.seleniumhq.org/exceptions/no_such_element.html
Build info: version: &amp;apos;3.141.59&amp;apos;, revision: &amp;apos;e82be7d358&amp;apos;, time: &amp;apos;2018-11-14T08:17:03&amp;apos;
System info: host: &amp;apos;FILT183&amp;apos;, ip: &amp;apos;10.1.10.44&amp;apos;, os.name: &amp;apos;Windows 10&amp;apos;, os.arch: &amp;apos;amd64&amp;apos;, os.version: &amp;apos;10.0&amp;apos;, java.version: &amp;apos;1.8.0_131&amp;apos;
Driver info: org.openqa.selenium.ie.InternetExplorerDriver
Capabilities {acceptInsecureCerts: false, browserName: internet explorer, browserVersion: 11, javascriptEnabled: true, pageLoadStrategy: normal, platform: WINDOWS, platformName: WINDOWS, proxy: Proxy(), se:ieOptions: {browserAttachTimeout: 0, elementScrollBehavior: 0, enablePersistentHover: true, ie.browserCommandLineSwitches: , ie.ensureCleanSession: false, ie.fileUploadDialogTimeout: 3000, ie.forceCreateProcessApi: false, ignoreProtectedModeSettings: false, ignoreZoomSetting: false, initialBrowserUrl: http://localhost:12387/, nativeEvents: true, requireWindowFocus: false}, setWindowRect: true, timeouts: {implicit: 0, pageLoad: 300000, script: 30000}}
Session ID: c1da0891-4b24-4343-872f-ada17cddfd36
*** Element info: {Using=xpath, value=//td[contains(text(),&amp;apos;&amp;quot;+indrefno+&amp;quot;&amp;apos;)]/following-sibling::td[5]}">
      <![CDATA[org.openqa.selenium.NoSuchElementException: Unable to find element with xpath == //td[contains(text(),'"+indrefno+"')]/following-sibling::td[5]
For documentation on this error, please visit: https://www.seleniumhq.org/exceptions/no_such_element.html
Build info: version: '3.141.59', revision: 'e82be7d358', time: '2018-11-14T08:17:03'
System info: host: 'FILT183', ip: '10.1.10.44', os.name: 'Windows 10', os.arch: 'amd64', os.version: '10.0', java.version: '1.8.0_131'
Driver info: org.openqa.selenium.ie.InternetExplorerDriver
Capabilities {acceptInsecureCerts: false, browserName: internet explorer, browserVersion: 11, javascriptEnabled: true, pageLoadStrategy: normal, platform: WINDOWS, platformName: WINDOWS, proxy: Proxy(), se:ieOptions: {browserAttachTimeout: 0, elementScrollBehavior: 0, enablePersistentHover: true, ie.browserCommandLineSwitches: , ie.ensureCleanSession: false, ie.fileUploadDialogTimeout: 3000, ie.forceCreateProcessApi: false, ignoreProtectedModeSettings: false, ignoreZoomSetting: false, initialBrowserUrl: http://localhost:12387/, nativeEvents: true, requireWindowFocus: false}, setWindowRect: true, timeouts: {implicit: 0, pageLoad: 300000, script: 30000}}
Session ID: c1da0891-4b24-4343-872f-ada17cddfd36
*** Element info: {Using=xpath, value=//td[contains(text(),'"+indrefno+"')]/following-sibling::td[5]}
	at org.openqa.selenium.remote.http.W3CHttpResponseCodec.createException(W3CHttpResponseCodec.java:187)
	at org.openqa.selenium.remote.http.W3CHttpResponseCodec.decode(W3CHttpResponseCodec.java:122)
	at org.openqa.selenium.remote.http.W3CHttpResponseCodec.decode(W3CHttpResponseCodec.java:49)
	at org.openqa.selenium.remote.HttpCommandExecutor.execute(HttpCommandExecutor.java:158)
	at org.openqa.selenium.remote.service.DriverCommandExecutor.execute(DriverCommandExecutor.java:83)
	at org.openqa.selenium.remote.RemoteWebDriver.execute(RemoteWebDriver.java:552)
	at org.openqa.selenium.remote.RemoteWebDriver.findElement(RemoteWebDriver.java:323)
	at org.openqa.selenium.remote.RemoteWebDriver.findElementByXPath(RemoteWebDriver.java:428)
	at org.openqa.selenium.By$ByXPath.findElement(By.java:353)
	at org.openqa.selenium.remote.RemoteWebDriver.findElement(RemoteWebDriver.java:315)
	at com.indocs_CIDS.o3features.INDOCS_OpsReviewerMaker_Features.verify_ops_Review_Maker(INDOCS_OpsReviewerMaker_Features.java:48)
	at com.indocs_CIDS.tests.TC_1_TradeCycle.verifyOpsReviewMakerTest(TC_1_TradeCycle.java:39)
... Removed 28 stack frames]]>
    </failure>
  </testcase> <!-- verifyOpsReviewMakerTest -->
  <testcase name="verifyOpsReviewMaker2Test" time="0.0" classname="com.indocs_CIDS.tests.TC_1_TradeCycle">
    <skipped/>
  </testcase> <!-- verifyOpsReviewMaker2Test -->
  <testcase name="verifyOpsReviewChecker" time="0.0" classname="com.indocs_CIDS.tests.TC_1_TradeCycle">
    <skipped/>
  </testcase> <!-- verifyOpsReviewChecker -->
  <testcase name="verifyMakerPaymentFunding" time="0.0" classname="com.indocs_CIDS.tests.TC_1_TradeCycle">
    <skipped/>
  </testcase> <!-- verifyMakerPaymentFunding -->
  <testcase name="verifyCheckerPaymentFunding" time="0.0" classname="com.indocs_CIDS.tests.TC_1_TradeCycle">
    <skipped/>
  </testcase> <!-- verifyCheckerPaymentFunding -->
</testsuite> <!-- Test -->
